2026-04-23 18:34:17  INFO      
2026-04-23 18:34:17  INFO      ************************************************************
2026-04-23 18:34:17  INFO        PATIENT READMISSION RISK ANALYZER Ś ETL PIPELINE
2026-04-23 18:34:17  INFO        Run started: 2026-04-23 18:34:17
2026-04-23 18:34:17  INFO      ************************************************************
2026-04-23 18:34:18  INFO      ============================================================
2026-04-23 18:34:18  INFO      STAGE 1 Ś EXTRACT
2026-04-23 18:34:18  INFO      ============================================================
2026-04-23 18:34:18  INFO        Extracted   5,148 rows  <-  data/raw/patients_raw.csv
2026-04-23 18:34:19  INFO        Loaded into staging.stg_patients
2026-04-23 18:34:19  INFO        Extracted  10,199 rows  <-  data/raw/admissions_raw.csv
2026-04-23 18:34:21  INFO        Loaded into staging.stg_admissions
2026-04-23 18:34:21  INFO        Extracted  25,000 rows  <-  data/raw/lab_results_raw.json
2026-04-23 18:34:24  INFO        Loaded into staging.stg_lab_results
2026-04-23 18:34:24  INFO        Extract complete in 5.85s
2026-04-23 18:34:24  INFO      ============================================================
2026-04-23 18:34:24  INFO      STAGE 2 Ś TRANSFORM
2026-04-23 18:34:24  INFO      ============================================================
2026-04-23 18:34:24  INFO        Transforming patients ...
2026-04-23 18:34:24  INFO          Accepted: 3,749  |  Rejected: 1,399
2026-04-23 18:34:24  INFO        Transforming admissions ...
2026-04-23 18:34:25  INFO          Accepted: 8,546  |  Rejected: 1,454
2026-04-23 18:34:25  INFO          Invalid ICD-10: 846 rows rejected
2026-04-23 18:34:25  INFO        Transforming lab_results ...
2026-04-23 18:34:27  INFO          Accepted: 23,396  |  Rejected: 1,604
2026-04-23 18:34:27  INFO          Abnormal results flagged: 16,950
2026-04-23 18:34:27  INFO        Transform complete in 3.54s
2026-04-23 18:34:27  INFO      ============================================================
2026-04-23 18:34:27  INFO      STAGE 3 Ś LOAD
2026-04-23 18:34:27  INFO      ============================================================
2026-04-23 18:34:27  INFO        Loading patients ...
2026-04-23 18:34:31  INFO          Loaded 3,749 patients
2026-04-23 18:34:31  INFO        Loading admissions ...
2026-04-23 18:34:33  ERROR       LOAD failed Ś transaction rolled back: (psycopg2.errors.CheckViolation) new row for relation "admissions" violates check constraint "chk_discharge_after_admission"
DETAIL:  Failing row contains (16, 2195, 16, 3, 2023-11-05, 2023-05-28, Elective, null, N18.3, f, null, -161, 2026-04-23 18:34:31.867217).

[SQL: 
                    INSERT INTO production.admissions
                        (patient_id, doctor_id, department_id,
                         admission_date, discharge_date,
                         admission_type, discharge_disposition,
                         primary_diagnosis_code,
                         readmission_flag, days_to_readmission)
                    VALUES
                        (%(patient_id)s, %(doctor_id)s, %(department_id)s,
                         %(admission_date)s, %(discharge_date)s,
                         %(admission_type)s, %(discharge_disposition)s,
                         %(primary_diagnosis_code)s,
                         %(readmission_flag)s, %(days_to_readmission)s)
                    ON CONFLICT DO NOTHING
                ]
[parameters: {'patient_id': 2195, 'doctor_id': 16, 'department_id': 3, 'admission_date': '2023-11-05', 'discharge_date': '2023-05-28', 'admission_type': 'Elective', 'discharge_disposition': None, 'primary_diagnosis_code': 'N18.3', 'readmission_flag': False, 'days_to_readmission': None}]
(Background on this error at: https://sqlalche.me/e/20/gkpj)
2026-04-23 18:34:33  ERROR     Pipeline failed: (psycopg2.errors.CheckViolation) new row for relation "admissions" violates check constraint "chk_discharge_after_admission"
DETAIL:  Failing row contains (16, 2195, 16, 3, 2023-11-05, 2023-05-28, Elective, null, N18.3, f, null, -161, 2026-04-23 18:34:31.867217).

[SQL: 
                    INSERT INTO production.admissions
                        (patient_id, doctor_id, department_id,
                         admission_date, discharge_date,
                         admission_type, discharge_disposition,
                         primary_diagnosis_code,
                         readmission_flag, days_to_readmission)
                    VALUES
                        (%(patient_id)s, %(doctor_id)s, %(department_id)s,
                         %(admission_date)s, %(discharge_date)s,
                         %(admission_type)s, %(discharge_disposition)s,
                         %(primary_diagnosis_code)s,
                         %(readmission_flag)s, %(days_to_readmission)s)
                    ON CONFLICT DO NOTHING
                ]
[parameters: {'patient_id': 2195, 'doctor_id': 16, 'department_id': 3, 'admission_date': '2023-11-05', 'discharge_date': '2023-05-28', 'admission_type': 'Elective', 'discharge_disposition': None, 'primary_diagnosis_code': 'N18.3', 'readmission_flag': False, 'days_to_readmission': None}]
(Background on this error at: https://sqlalche.me/e/20/gkpj)
2026-04-23 18:34:33  INFO      
2026-04-23 18:34:33  INFO      ************************************************************
2026-04-23 18:34:33  INFO        PIPELINE SUMMARY
2026-04-23 18:34:33  INFO      ************************************************************
2026-04-23 18:34:33  INFO        Duration        :   15.56s
2026-04-23 18:34:33  INFO        Status          : FAILED
2026-04-23 18:34:33  INFO        Log file        : logs/etl_20260423_183417.log
2026-04-23 18:34:33  INFO      ************************************************************
